0 info it worked if it ends with ok
1 verbose cli [ '/usr/bin/nodejs', '/usr/bin/npm', 'start' ]
2 info using npm@3.8.3
3 info using node@v5.10.0
4 verbose stack Error: Failed to parse json
4 verbose stack Unexpected token 's' at 12:3
4 verbose stack 	"start": "node app.js"
4 verbose stack 	 ^
4 verbose stack     at parseError (/usr/lib/node_modules/npm/node_modules/read-package-json/read-json.js:379:11)
4 verbose stack     at parseJson (/usr/lib/node_modules/npm/node_modules/read-package-json/read-json.js:68:23)
4 verbose stack     at /usr/lib/node_modules/npm/node_modules/read-package-json/read-json.js:48:5
4 verbose stack     at /usr/lib/node_modules/npm/node_modules/graceful-fs/graceful-fs.js:78:16
4 verbose stack     at tryToString (fs.js:414:3)
4 verbose stack     at FSReqWrap.readFileAfterClose [as oncomplete] (fs.js:401:12)
5 verbose cwd /home/sahil/Documents/Github/dota2logger
6 error Linux 4.1.14-galliumos
7 error argv "/usr/bin/nodejs" "/usr/bin/npm" "start"
8 error node v5.10.0
9 error npm  v3.8.3
10 error file /home/sahil/Documents/Github/dota2logger/package.json
11 error code EJSONPARSE
12 error Failed to parse json
12 error Unexpected token 's' at 12:3
12 error 	"start": "node app.js"
12 error 	 ^
13 error File: /home/sahil/Documents/Github/dota2logger/package.json
14 error Failed to parse package.json data.
14 error package.json must be actual JSON, not just JavaScript.
14 error
14 error This is not a bug in npm.
14 error Tell the package author to fix their package.json file. JSON.parse
15 verbose exit [ 1, true ]
